\BOOKMARK [0][-]{chapter.1}{1 Introduction}{}% 1
\BOOKMARK [1][-]{section.1.1}{1.1 Notions}{chapter.1}% 2
\BOOKMARK [1][-]{section.1.2}{1.2 Problem}{chapter.1}% 3
\BOOKMARK [1][-]{section.1.3}{1.3 Description}{chapter.1}% 4
\BOOKMARK [0][-]{chapter.2}{2 Coloring}{}% 5
\BOOKMARK [1][-]{section.2.1}{2.1 Description}{chapter.2}% 6
\BOOKMARK [1][-]{section.2.2}{2.2 Results}{chapter.2}% 7
\BOOKMARK [2][-]{subsection.2.2.1}{2.2.1 Complexity}{section.2.2}% 8
\BOOKMARK [2][-]{subsection.2.2.2}{2.2.2 Lower and Upper bounds}{section.2.2}% 9
\BOOKMARK [1][-]{section.2.3}{2.3 Formulations}{chapter.2}% 10
\BOOKMARK [1][-]{section.2.4}{2.4 Vertex color}{chapter.2}% 11
\BOOKMARK [1][-]{section.2.5}{2.5 Independent set}{chapter.2}% 12
\BOOKMARK [1][-]{section.2.6}{2.6 Representative vertex}{chapter.2}% 13
\BOOKMARK [0][-]{chapter.3}{3 Packing coloring}{}% 14
\BOOKMARK [1][-]{section.3.1}{3.1 Description}{chapter.3}% 15
\BOOKMARK [1][-]{section.3.2}{3.2 Results}{chapter.3}% 16
\BOOKMARK [2][-]{subsection.3.2.1}{3.2.1 General bounds}{section.3.2}% 17
\BOOKMARK [2][-]{subsection.3.2.2}{3.2.2 Graphs with low packing chromatic number}{section.3.2}% 18
\BOOKMARK [2][-]{subsection.3.2.3}{3.2.3 Distance graph}{section.3.2}% 19
\BOOKMARK [2][-]{subsection.3.2.4}{3.2.4 Trees}{section.3.2}% 20
\BOOKMARK [2][-]{subsection.3.2.5}{3.2.5 Treewidth}{section.3.2}% 21
\BOOKMARK [2][-]{subsection.3.2.6}{3.2.6 Cartesian product}{section.3.2}% 22
\BOOKMARK [2][-]{subsection.3.2.7}{3.2.7 Lattices graph}{section.3.2}% 23
\BOOKMARK [2][-]{subsection.3.2.8}{3.2.8 Subdivisions}{section.3.2}% 24
\BOOKMARK [1][-]{section.3.3}{3.3 Formulations}{chapter.3}% 25
\BOOKMARK [0][-]{chapter.4}{4 Independent set color formulation for packing coloring}{}% 26
\BOOKMARK [1][-]{section.4.1}{4.1 Introduction}{chapter.4}% 27
\BOOKMARK [1][-]{section.4.2}{4.2 Formulation}{chapter.4}% 28
\BOOKMARK [2][-]{subsection.4.2.1}{4.2.1 Idea}{section.4.2}% 29
\BOOKMARK [2][-]{subsection.4.2.2}{4.2.2 Formulation}{section.4.2}% 30
\BOOKMARK [1][-]{section.4.3}{4.3 Implementation}{chapter.4}% 31
\BOOKMARK [1][-]{section.4.4}{4.4 Result}{chapter.4}% 32
\BOOKMARK [1][-]{section.4.5}{4.5 Branch and Price}{chapter.4}% 33
\BOOKMARK [2][-]{subsection.4.5.1}{4.5.1 Introduction}{section.4.5}% 34
\BOOKMARK [2][-]{subsection.4.5.2}{4.5.2 Algorithm}{section.4.5}% 35
\BOOKMARK [2][-]{subsection.4.5.3}{4.5.3 Implementation}{section.4.5}% 36
